  Actor.cpp
E:\My3D\Matrix.h(13,10): error C2079: 'FTransfrom::Location' uses undefined class 'Vector3'
E:\My3D\Matrix.h(14,14): error C2079: 'FTransfrom::Quat' uses undefined class 'Quaternions'
E:\My3D\Matrix.h(15,10): error C2079: 'FTransfrom::Scale' uses undefined class 'Vector3'
E:\My3D\Matrix.h(19,1): warning C4099: 'Matrix4x4': type name first seen using 'class' now seen using 'struct'
E:\My3D\Matrix.h(18): message : see declaration of 'Matrix4x4'
E:\My3D\Matrix.h(26,1): warning C4099: 'Matrix3x3': type name first seen using 'class' now seen using 'struct'
E:\My3D\Matrix.h(25): message : see declaration of 'Matrix3x3'
E:\My3D\Matrix.h(31,1): warning C4099: 'Vector3': type name first seen using 'class' now seen using 'struct'
E:\My3D\Matrix.h(30): message : see declaration of 'Vector3'
E:\My3D\Matrix.h(40,1): warning C4099: 'Quaternions': type name first seen using 'class' now seen using 'struct'
E:\My3D\Matrix.h(39): message : see declaration of 'Quaternions'
  Camera.cpp
E:\My3D\Matrix.h(13,10): error C2079: 'FTransfrom::Location' uses undefined class 'Vector3'
E:\My3D\Matrix.h(14,14): error C2079: 'FTransfrom::Quat' uses undefined class 'Quaternions'
E:\My3D\Matrix.h(15,10): error C2079: 'FTransfrom::Scale' uses undefined class 'Vector3'
E:\My3D\Matrix.h(19,1): warning C4099: 'Matrix4x4': type name first seen using 'class' now seen using 'struct'
E:\My3D\Matrix.h(18): message : see declaration of 'Matrix4x4'
E:\My3D\Matrix.h(26,1): warning C4099: 'Matrix3x3': type name first seen using 'class' now seen using 'struct'
E:\My3D\Matrix.h(25): message : see declaration of 'Matrix3x3'
E:\My3D\Matrix.h(31,1): warning C4099: 'Vector3': type name first seen using 'class' now seen using 'struct'
E:\My3D\Matrix.h(30): message : see declaration of 'Vector3'
E:\My3D\Matrix.h(40,1): warning C4099: 'Quaternions': type name first seen using 'class' now seen using 'struct'
E:\My3D\Matrix.h(39): message : see declaration of 'Quaternions'
  Matrix.cpp
E:\My3D\Matrix.h(13,10): error C2079: 'FTransfrom::Location' uses undefined class 'Vector3'
E:\My3D\Matrix.h(14,14): error C2079: 'FTransfrom::Quat' uses undefined class 'Quaternions'
E:\My3D\Matrix.h(15,10): error C2079: 'FTransfrom::Scale' uses undefined class 'Vector3'
E:\My3D\Matrix.h(19,1): warning C4099: 'Matrix4x4': type name first seen using 'class' now seen using 'struct'
E:\My3D\Matrix.h(18): message : see declaration of 'Matrix4x4'
E:\My3D\Matrix.h(26,1): warning C4099: 'Matrix3x3': type name first seen using 'class' now seen using 'struct'
E:\My3D\Matrix.h(25): message : see declaration of 'Matrix3x3'
E:\My3D\Matrix.h(31,1): warning C4099: 'Vector3': type name first seen using 'class' now seen using 'struct'
E:\My3D\Matrix.h(30): message : see declaration of 'Vector3'
E:\My3D\Matrix.h(40,1): warning C4099: 'Quaternions': type name first seen using 'class' now seen using 'struct'
E:\My3D\Matrix.h(39): message : see declaration of 'Quaternions'
  My3D.cpp
E:\My3D\Matrix.h(13,10): error C2079: 'FTransfrom::Location' uses undefined class 'Vector3'
E:\My3D\Matrix.h(14,14): error C2079: 'FTransfrom::Quat' uses undefined class 'Quaternions'
E:\My3D\Matrix.h(15,10): error C2079: 'FTransfrom::Scale' uses undefined class 'Vector3'
E:\My3D\Matrix.h(19,1): warning C4099: 'Matrix4x4': type name first seen using 'class' now seen using 'struct'
E:\My3D\Matrix.h(18): message : see declaration of 'Matrix4x4'
E:\My3D\Matrix.h(26,1): warning C4099: 'Matrix3x3': type name first seen using 'class' now seen using 'struct'
E:\My3D\Matrix.h(25): message : see declaration of 'Matrix3x3'
E:\My3D\Matrix.h(31,1): warning C4099: 'Vector3': type name first seen using 'class' now seen using 'struct'
E:\My3D\Matrix.h(30): message : see declaration of 'Vector3'
E:\My3D\Matrix.h(40,1): warning C4099: 'Quaternions': type name first seen using 'class' now seen using 'struct'
E:\My3D\Matrix.h(39): message : see declaration of 'Quaternions'
E:\My3D\My3D.cpp(31,9): warning C4838: conversion from 'int' to 'DWORD' requires a narrowing conversion
  Rasterization.cpp
E:\My3D\Matrix.h(13,10): error C2079: 'FTransfrom::Location' uses undefined class 'Vector3'
E:\My3D\Matrix.h(14,14): error C2079: 'FTransfrom::Quat' uses undefined class 'Quaternions'
E:\My3D\Matrix.h(15,10): error C2079: 'FTransfrom::Scale' uses undefined class 'Vector3'
E:\My3D\Matrix.h(19,1): warning C4099: 'Matrix4x4': type name first seen using 'class' now seen using 'struct'
E:\My3D\Matrix.h(18): message : see declaration of 'Matrix4x4'
E:\My3D\Matrix.h(26,1): warning C4099: 'Matrix3x3': type name first seen using 'class' now seen using 'struct'
E:\My3D\Matrix.h(25): message : see declaration of 'Matrix3x3'
E:\My3D\Matrix.h(31,1): warning C4099: 'Vector3': type name first seen using 'class' now seen using 'struct'
E:\My3D\Matrix.h(30): message : see declaration of 'Vector3'
E:\My3D\Matrix.h(40,1): warning C4099: 'Quaternions': type name first seen using 'class' now seen using 'struct'
E:\My3D\Matrix.h(39): message : see declaration of 'Quaternions'
  Generating Code...
